<?xml version="1.0" encoding="UTF-8"?>
<!-- Generated by org.testng.reporters.JUnitReportReporter -->
<testsuite hostname="Gangs-MacBook-Air.local" name="testNg.TestNGSimpleTest" tests="13" failures="0" timestamp="24 Nov 2014 23:05:07 GMT" time="0.055" errors="0">
  <testcase name="testArithmaticException" time="0.020" classname="testNg.TestNGSimpleTest"/>
  <testcase name="testPercentageTest" time="0.001" classname="testNg.TestNGSimpleTest"/>
  <testcase name="testPercentageTest" time="0.002" classname="testNg.TestNGSimpleTest"/>
  <testcase name="testPercentageTest" time="0.001" classname="testNg.TestNGSimpleTest"/>
  <testcase name="testPercentageTest" time="0.001" classname="testNg.TestNGSimpleTest"/>
  <testcase name="testInvocationTest" time="0.020" classname="testNg.TestNGSimpleTest"/>
  <testcase name="testMsg" time="0.001" classname="testNg.TestNGSimpleTest"/>
  <testcase name="testPercentageTest" time="0.002" classname="testNg.TestNGSimpleTest"/>
  <testcase name="testPercentageTest" time="0.001" classname="testNg.TestNGSimpleTest"/>
  <testcase name="testPercentageTest" time="0.002" classname="testNg.TestNGSimpleTest"/>
  <testcase name="testPercentageTest" time="0.001" classname="testNg.TestNGSimpleTest"/>
  <testcase name="testPercentageTest" time="0.001" classname="testNg.TestNGSimpleTest"/>
  <testcase name="testPercentageTest" time="0.002" classname="testNg.TestNGSimpleTest"/>
</testsuite> <!-- testNg.TestNGSimpleTest -->
