<?xml version="1.0" encoding="UTF-8"?>
<!-- Generated by org.testng.reporters.JUnitReportReporter -->
<testsuite hostname="Gangs-MacBook-Air.local" name="testNg.ParamTestWithDataProviderClass" tests="8" failures="0" timestamp="24 Nov 2014 20:45:40 GMT" time="0.007" errors="0">
  <testcase name="testPrimeNumberChecker" time="0.000" classname="testNg.ParamTestWithDataProviderClass"/>
  <testcase name="testPrimeNumberChecker" time="0.001" classname="testNg.ParamTestWithDataProviderClass"/>
  <testcase name="testAdd" time="0.001" classname="testNg.ParamTestWithDataProviderClass"/>
  <testcase name="testAdd" time="0.001" classname="testNg.ParamTestWithDataProviderClass"/>
  <testcase name="testPrimeNumberChecker" time="0.001" classname="testNg.ParamTestWithDataProviderClass"/>
  <testcase name="testPrimeNumberChecker" time="0.001" classname="testNg.ParamTestWithDataProviderClass"/>
  <testcase name="testPrimeNumberChecker" time="0.001" classname="testNg.ParamTestWithDataProviderClass"/>
  <testcase name="testAdd" time="0.001" classname="testNg.ParamTestWithDataProviderClass"/>
</testsuite> <!-- testNg.ParamTestWithDataProviderClass -->
