<?xml version="1.0" encoding="UTF-8"?>
<!-- Generated by org.testng.reporters.JUnitReportReporter -->
<testsuite hostname="Gangs-MacBook-Air.local" name="testNg.CalculatorTestNg" tests="1" failures="0" timestamp="24 Nov 2014 23:16:01 GMT" time="0.019" errors="0">
  <testcase name="testAddByNg" time="0.019" classname="testNg.CalculatorTestNg"/>
</testsuite> <!-- testNg.CalculatorTestNg -->
