<?xml version="1.0" encoding="UTF-8"?>
<!-- Generated by org.testng.reporters.JUnitReportReporter -->
<testsuite hostname="Gangs-MacBook-Air.local" name="testNg.TestMessage1" tests="1" failures="0" timestamp="24 Nov 2014 20:45:40 GMT" time="0.000" errors="0">
  <testcase name="testPrintMessage" time="0.000" classname="testNg.TestMessage1"/>
</testsuite> <!-- testNg.TestMessage1 -->
