<?xml version="1.0" encoding="UTF-8"?>
<!-- Generated by org.testng.reporters.JUnitReportReporter -->
<testsuite hostname="Gangs-MacBook-Air.local" name="testNg.TestingTestNgLifeCycle" tests="2" failures="0" timestamp="24 Nov 2014 20:45:40 GMT" time="0.002" errors="0">
  <testcase name="Case2" time="0.002" classname="testNg.TestingTestNgLifeCycle"/>
  <testcase name="testCase1" time="0.000" classname="testNg.TestingTestNgLifeCycle"/>
</testsuite> <!-- testNg.TestingTestNgLifeCycle -->
