<?xml version="1.0" encoding="UTF-8"?>
<!-- Generated by org.testng.reporters.JUnitReportReporter -->
<testsuite hostname="Gangs-MacBook-Air.local" name="testNg.ParameterizedTest1" tests="1" failures="0" timestamp="24 Nov 2014 20:45:40 GMT" time="0.002" errors="0">
  <testcase name="parameterTest" time="0.002" classname="testNg.ParameterizedTest1"/>
</testsuite> <!-- testNg.ParameterizedTest1 -->
