<?xml version="1.0" encoding="UTF-8"?>
<!-- Generated by org.testng.reporters.JUnitReportReporter -->
<testsuite hostname="Gangs-MacBook-Air.local" name="testNg.FruitTest" tests="2" failures="0" timestamp="24 Nov 2014 23:26:44 GMT" time="0.019" errors="0">
  <testcase name="fruitNameTest" time="0.001" classname="testNg.FruitTest"/>
  <testcase name="appleNameTest" time="0.018" classname="testNg.FruitTest"/>
</testsuite> <!-- testNg.FruitTest -->
