<?xml version="1.0" encoding="UTF-8"?>
<!-- Generated by org.testng.reporters.JUnitReportReporter -->
<testsuite hostname="Gangs-MacBook-Air.local" name="testNg.TestNGSimpleTest" tests="13" failures="0" timestamp="23 Nov 2014 02:07:03 GMT" time="0.008" errors="0">
  <testcase name="testMsg" time="0.001" classname="testNg.TestNGSimpleTest"/>
  <testcase name="testPercentageTest" time="0.001" classname="testNg.TestNGSimpleTest"/>
  <testcase name="testArithmaticException" time="0.001" classname="testNg.TestNGSimpleTest"/>
  <testcase name="testInvocationTest" time="0.002" classname="testNg.TestNGSimpleTest"/>
  <testcase name="testPercentageTest" time="0.000" classname="testNg.TestNGSimpleTest"/>
  <testcase name="testPercentageTest" time="0.000" classname="testNg.TestNGSimpleTest"/>
  <testcase name="testPercentageTest" time="0.001" classname="testNg.TestNGSimpleTest"/>
  <testcase name="testPercentageTest" time="0.001" classname="testNg.TestNGSimpleTest"/>
  <testcase name="testPercentageTest" time="0.000" classname="testNg.TestNGSimpleTest"/>
  <testcase name="testPercentageTest" time="0.000" classname="testNg.TestNGSimpleTest"/>
  <testcase name="testPercentageTest" time="0.000" classname="testNg.TestNGSimpleTest"/>
  <testcase name="testPercentageTest" time="0.001" classname="testNg.TestNGSimpleTest"/>
  <testcase name="testPercentageTest" time="0.000" classname="testNg.TestNGSimpleTest"/>
</testsuite>
