<?xml version="1.0" encoding="UTF-8"?>
<!-- Generated by org.testng.reporters.JUnitReportReporter -->
<testsuite hostname="Gangs-MacBook-Air.local" name="testNg.CalculatorTestNg" tests="1" failures="0" timestamp="23 Nov 2014 02:07:03 GMT" time="0.007" errors="0">
  <testcase name="testAddByNg" time="0.007" classname="testNg.CalculatorTestNg"/>
</testsuite>
