<?xml version="1.0" encoding="UTF-8"?>
<!-- Generated by org.testng.reporters.JUnitReportReporter -->
<testsuite hostname="Gangs-MacBook-Air.local" name="testNg.ParamTestWithDataProvider1" tests="8" failures="0" timestamp="23 Nov 2014 02:07:03 GMT" time="0.003" errors="0">
  <testcase name="testAdd" time="0.000" classname="testNg.ParamTestWithDataProvider1"/>
  <testcase name="testPrimeNumberChecker" time="0.000" classname="testNg.ParamTestWithDataProvider1"/>
  <testcase name="testPrimeNumberChecker" time="0.001" classname="testNg.ParamTestWithDataProvider1"/>
  <testcase name="testAdd" time="0.000" classname="testNg.ParamTestWithDataProvider1"/>
  <testcase name="testPrimeNumberChecker" time="0.001" classname="testNg.ParamTestWithDataProvider1"/>
  <testcase name="testPrimeNumberChecker" time="0.000" classname="testNg.ParamTestWithDataProvider1"/>
  <testcase name="testAdd" time="0.001" classname="testNg.ParamTestWithDataProvider1"/>
  <testcase name="testPrimeNumberChecker" time="0.000" classname="testNg.ParamTestWithDataProvider1"/>
</testsuite>
