<?xml version="1.0" encoding="UTF-8"?>
<!-- Generated by org.testng.reporters.JUnitReportReporter -->
<testsuite hostname="Gangs-MacBook-Air.local" name="testNg.GroupTestExample" tests="4" failures="0" timestamp="23 Nov 2014 02:07:03 GMT" time="0.003" errors="0">
  <testcase name="testPrintMessage" time="0.001" classname="testNg.GroupTestExample"/>
  <testcase name="testingExitMessage" time="0.001" classname="testNg.GroupTestExample"/>
  <testcase name="test1" time="0.000" classname="testNg.GroupTestExample"/>
  <testcase name="testSalutationMessage" time="0.001" classname="testNg.GroupTestExample"/>
</testsuite>
