<?xml version="1.0" encoding="UTF-8"?>
<!-- Generated by org.testng.reporters.JUnitReportReporter -->
<testsuite hostname="Gangs-MacBook-Air.local" name="testNg.FruitTest" tests="2" failures="0" timestamp="23 Nov 2014 02:07:03 GMT" time="0.001" errors="0">
  <testcase name="fruitNameTest" time="0.001" classname="testNg.FruitTest"/>
  <testcase name="appleNameTest" time="0.000" classname="testNg.FruitTest"/>
</testsuite>
